[debug] [2018-11-30T05:25:57.648Z] ----------------------------------------------------------------------
[debug] [2018-11-30T05:25:57.653Z] Command:       C:\Program Files\nodejs\node.exe C:\Users\Administrator\AppData\Roaming\npm\node_modules\firebase-tools\bin\firebase serve
[debug] [2018-11-30T05:25:57.653Z] CLI Version:   5.1.1
[debug] [2018-11-30T05:25:57.653Z] Platform:      win32
[debug] [2018-11-30T05:25:57.653Z] Node Version:  v8.12.0
[debug] [2018-11-30T05:25:57.655Z] Time:          Fri Nov 30 2018 14:25:57 GMT+0900 (대한민국 표준시)
[debug] [2018-11-30T05:25:57.655Z] ----------------------------------------------------------------------
[debug] 
[debug] [2018-11-30T05:25:57.676Z] > command requires scopes: ["email","openid","https://www.googleapis.com/auth/cloudplatformprojects.readonly","https://www.googleapis.com/auth/firebase","https://www.googleapis.com/auth/cloud-platform"]
[debug] [2018-11-30T05:25:57.678Z] > authorizing via signed-in user
[debug] [2018-11-30T05:25:57.678Z] [iam] checking project yune-webexam for permissions ["firebase.projects.get"]
[debug] [2018-11-30T05:25:57.682Z] > refreshing access token with scopes: ["email","https://www.googleapis.com/auth/cloud-platform","https://www.googleapis.com/auth/cloudplatformprojects.readonly","https://www.googleapis.com/auth/firebase","openid"]
[debug] [2018-11-30T05:25:57.682Z] >>> HTTP REQUEST POST https://www.googleapis.com/oauth2/v3/token  
 <request body omitted>
[debug] [2018-11-30T05:25:58.218Z] <<< HTTP RESPONSE 200
[debug] [2018-11-30T05:25:58.226Z] >>> HTTP REQUEST POST https://cloudresourcemanager.googleapis.com/v1/projects/yune-webexam:testIamPermissions  

[debug] [2018-11-30T05:25:59.464Z] <<< HTTP RESPONSE 200
[debug] [2018-11-30T05:25:59.469Z] >>> HTTP REQUEST GET https://cloudresourcemanager.googleapis.com/v1/projects/yune-webexam  
 
[debug] [2018-11-30T05:26:00.605Z] <<< HTTP RESPONSE 200
[info] 
[info] === Serving from 'D:\webexam'...
[info] 
[debug] [2018-11-30T05:26:00.614Z] >>> HTTP REQUEST GET https://mobilesdk-pa.googleapis.com/v1/projects/818997460867/clients/_:getWebAppConfig  
 
[debug] [2018-11-30T05:26:01.266Z] <<< HTTP RESPONSE 200
[warn] !  hosting: Port 5000 is not available. Trying another port...
[info] i  hosting: Serving hosting files from: public
[info] +  hosting: Local server: http://localhost:5005
